<?xml version="1.0" encoding="UTF-8"?>
<testng-results ignored="0" total="9" passed="7" failed="2" skipped="0">
  <reporter-output>
  </reporter-output>
  <suite started-at="2023-12-01T18:35:08 IST" name="Default suite" finished-at="2023-12-01T18:37:35 IST" duration-ms="147049">
    <groups>
    </groups>
    <test started-at="2023-12-01T18:35:08 IST" name="Default test" finished-at="2023-12-01T18:37:35 IST" duration-ms="147049">
      <class name="com.tmobile.tests.PhonesAndDevices_TabletsTest">
        <test-method is-config="true" signature="setUp()[pri:0, instance:com.tmobile.tests.PhonesAndDevices_TabletsTest@1cf6d1be]" started-at="2023-12-01T18:35:08 IST" name="setUp" finished-at="2023-12-01T18:35:12 IST" duration-ms="4608" status="PASS">
          <reporter-output>
          </reporter-output>
        </test-method> <!-- setUp -->
        <test-method signature="testPhoneAndDevices()[pri:1, instance:com.tmobile.tests.PhonesAndDevices_TabletsTest@1cf6d1be]" started-at="2023-12-01T18:35:12 IST" name="testPhoneAndDevices" finished-at="2023-12-01T18:35:33 IST" duration-ms="20368" status="PASS">
          <reporter-output>
          </reporter-output>
        </test-method> <!-- testPhoneAndDevices -->
        <test-method signature="testTabletsPage()[pri:2, instance:com.tmobile.tests.PhonesAndDevices_TabletsTest@1cf6d1be]" started-at="2023-12-01T18:35:33 IST" name="testTabletsPage" finished-at="2023-12-01T18:35:33 IST" duration-ms="163" status="FAIL">
          <exception class="java.lang.AssertionError">
            <message>
              <![CDATA[expected [true] but found [false]]]>
            </message>
            <full-stacktrace>
              <![CDATA[java.lang.AssertionError: expected [true] but found [false]
at org.testng.Assert.fail(Assert.java:110)
at org.testng.Assert.failNotEquals(Assert.java:1577)
at org.testng.Assert.assertTrue(Assert.java:56)
at org.testng.Assert.assertTrue(Assert.java:66)
at com.tmobile.tests.PhonesAndDevices_TabletsTest.testTabletsPage(PhonesAndDevices_TabletsTest.java:48)
at java.base/jdk.internal.reflect.NativeMethodAccessorImpl.invoke0(Native Method)
at java.base/jdk.internal.reflect.NativeMethodAccessorImpl.invoke(NativeMethodAccessorImpl.java:77)
at java.base/jdk.internal.reflect.DelegatingMethodAccessorImpl.invoke(DelegatingMethodAccessorImpl.java:43)
at java.base/java.lang.reflect.Method.invoke(Method.java:568)
at org.testng.internal.invokers.MethodInvocationHelper.invokeMethod(MethodInvocationHelper.java:139)
at org.testng.internal.invokers.TestInvoker.invokeMethod(TestInvoker.java:677)
at org.testng.internal.invokers.TestInvoker.invokeTestMethod(TestInvoker.java:221)
at org.testng.internal.invokers.MethodRunner.runInSequence(MethodRunner.java:50)
at org.testng.internal.invokers.TestInvoker$MethodInvocationAgent.invoke(TestInvoker.java:969)
at org.testng.internal.invokers.TestInvoker.invokeTestMethods(TestInvoker.java:194)
at org.testng.internal.invokers.TestMethodWorker.invokeTestMethods(TestMethodWorker.java:148)
at org.testng.internal.invokers.TestMethodWorker.run(TestMethodWorker.java:128)
at java.base/java.util.ArrayList.forEach(ArrayList.java:1511)
at org.testng.TestRunner.privateRun(TestRunner.java:829)
at org.testng.TestRunner.run(TestRunner.java:602)
at org.testng.SuiteRunner.runTest(SuiteRunner.java:437)
at org.testng.SuiteRunner.runSequentially(SuiteRunner.java:431)
at org.testng.SuiteRunner.privateRun(SuiteRunner.java:391)
at org.testng.SuiteRunner.run(SuiteRunner.java:330)
at org.testng.SuiteRunnerWorker.runSuite(SuiteRunnerWorker.java:52)
at org.testng.SuiteRunnerWorker.run(SuiteRunnerWorker.java:95)
at org.testng.TestNG.runSuitesSequentially(TestNG.java:1256)
at org.testng.TestNG.runSuitesLocally(TestNG.java:1176)
at org.testng.TestNG.runSuites(TestNG.java:1099)
at org.testng.TestNG.run(TestNG.java:1067)
at org.testng.remote.AbstractRemoteTestNG.run(AbstractRemoteTestNG.java:115)
at org.testng.remote.RemoteTestNG.initAndRun(RemoteTestNG.java:251)
at org.testng.remote.RemoteTestNG.main(RemoteTestNG.java:77)
]]>
            </full-stacktrace>
          </exception> <!-- java.lang.AssertionError -->
          <reporter-output>
          </reporter-output>
        </test-method> <!-- testTabletsPage -->
        <test-method signature="testDeals()[pri:3, instance:com.tmobile.tests.PhonesAndDevices_TabletsTest@1cf6d1be]" started-at="2023-12-01T18:35:33 IST" name="testDeals" finished-at="2023-12-01T18:35:53 IST" duration-ms="20287" status="PASS">
          <reporter-output>
          </reporter-output>
        </test-method> <!-- testDeals -->
        <test-method signature="testBrands()[pri:4, instance:com.tmobile.tests.PhonesAndDevices_TabletsTest@1cf6d1be]" started-at="2023-12-01T18:35:53 IST" name="testBrands" finished-at="2023-12-01T18:36:13 IST" duration-ms="20222" status="PASS">
          <reporter-output>
          </reporter-output>
        </test-method> <!-- testBrands -->
        <test-method signature="testOperatingSystem()[pri:5, instance:com.tmobile.tests.PhonesAndDevices_TabletsTest@1cf6d1be]" started-at="2023-12-01T18:36:13 IST" name="testOperatingSystem" finished-at="2023-12-01T18:36:34 IST" duration-ms="20264" status="PASS">
          <reporter-output>
          </reporter-output>
        </test-method> <!-- testOperatingSystem -->
        <test-method signature="testSortBy()[pri:6, instance:com.tmobile.tests.PhonesAndDevices_TabletsTest@1cf6d1be]" started-at="2023-12-01T18:36:34 IST" name="testSortBy" finished-at="2023-12-01T18:36:54 IST" duration-ms="20214" status="PASS">
          <reporter-output>
          </reporter-output>
        </test-method> <!-- testSortBy -->
        <test-method signature="testHighestRating()[pri:7, instance:com.tmobile.tests.PhonesAndDevices_TabletsTest@1cf6d1be]" started-at="2023-12-01T18:36:54 IST" name="testHighestRating" finished-at="2023-12-01T18:37:14 IST" duration-ms="20196" status="PASS">
          <reporter-output>
          </reporter-output>
        </test-method> <!-- testHighestRating -->
        <test-method signature="testSamsung()[pri:8, instance:com.tmobile.tests.PhonesAndDevices_TabletsTest@1cf6d1be]" started-at="2023-12-01T18:37:14 IST" name="testSamsung" finished-at="2023-12-01T18:37:34 IST" duration-ms="20240" status="PASS">
          <reporter-output>
          </reporter-output>
        </test-method> <!-- testSamsung -->
        <test-method signature="testSamsungTabletsPage()[pri:9, instance:com.tmobile.tests.PhonesAndDevices_TabletsTest@1cf6d1be]" started-at="2023-12-01T18:37:34 IST" name="testSamsungTabletsPage" finished-at="2023-12-01T18:37:34 IST" duration-ms="179" status="FAIL">
          <exception class="java.lang.AssertionError">
            <message>
              <![CDATA[expected [true] but found [false]]]>
            </message>
            <full-stacktrace>
              <![CDATA[java.lang.AssertionError: expected [true] but found [false]
at org.testng.Assert.fail(Assert.java:110)
at org.testng.Assert.failNotEquals(Assert.java:1577)
at org.testng.Assert.assertTrue(Assert.java:56)
at org.testng.Assert.assertTrue(Assert.java:66)
at com.tmobile.tests.PhonesAndDevices_TabletsTest.testSamsungTabletsPage(PhonesAndDevices_TabletsTest.java:132)
at java.base/jdk.internal.reflect.NativeMethodAccessorImpl.invoke0(Native Method)
at java.base/jdk.internal.reflect.NativeMethodAccessorImpl.invoke(NativeMethodAccessorImpl.java:77)
at java.base/jdk.internal.reflect.DelegatingMethodAccessorImpl.invoke(DelegatingMethodAccessorImpl.java:43)
at java.base/java.lang.reflect.Method.invoke(Method.java:568)
at org.testng.internal.invokers.MethodInvocationHelper.invokeMethod(MethodInvocationHelper.java:139)
at org.testng.internal.invokers.TestInvoker.invokeMethod(TestInvoker.java:677)
at org.testng.internal.invokers.TestInvoker.invokeTestMethod(TestInvoker.java:221)
at org.testng.internal.invokers.MethodRunner.runInSequence(MethodRunner.java:50)
at org.testng.internal.invokers.TestInvoker$MethodInvocationAgent.invoke(TestInvoker.java:969)
at org.testng.internal.invokers.TestInvoker.invokeTestMethods(TestInvoker.java:194)
at org.testng.internal.invokers.TestMethodWorker.invokeTestMethods(TestMethodWorker.java:148)
at org.testng.internal.invokers.TestMethodWorker.run(TestMethodWorker.java:128)
at java.base/java.util.ArrayList.forEach(ArrayList.java:1511)
at org.testng.TestRunner.privateRun(TestRunner.java:829)
at org.testng.TestRunner.run(TestRunner.java:602)
at org.testng.SuiteRunner.runTest(SuiteRunner.java:437)
at org.testng.SuiteRunner.runSequentially(SuiteRunner.java:431)
at org.testng.SuiteRunner.privateRun(SuiteRunner.java:391)
at org.testng.SuiteRunner.run(SuiteRunner.java:330)
at org.testng.SuiteRunnerWorker.runSuite(SuiteRunnerWorker.java:52)
at org.testng.SuiteRunnerWorker.run(SuiteRunnerWorker.java:95)
at org.testng.TestNG.runSuitesSequentially(TestNG.java:1256)
at org.testng.TestNG.runSuitesLocally(TestNG.java:1176)
at org.testng.TestNG.runSuites(TestNG.java:1099)
at org.testng.TestNG.run(TestNG.java:1067)
at org.testng.remote.AbstractRemoteTestNG.run(AbstractRemoteTestNG.java:115)
at org.testng.remote.RemoteTestNG.initAndRun(RemoteTestNG.java:251)
at org.testng.remote.RemoteTestNG.main(RemoteTestNG.java:77)
]]>
            </full-stacktrace>
          </exception> <!-- java.lang.AssertionError -->
          <reporter-output>
          </reporter-output>
        </test-method> <!-- testSamsungTabletsPage -->
        <test-method is-config="true" signature="tearDown()[pri:0, instance:com.tmobile.tests.PhonesAndDevices_TabletsTest@1cf6d1be]" started-at="2023-12-01T18:37:34 IST" name="tearDown" finished-at="2023-12-01T18:37:35 IST" duration-ms="199" status="PASS">
          <reporter-output>
          </reporter-output>
        </test-method> <!-- tearDown -->
      </class> <!-- com.tmobile.tests.PhonesAndDevices_TabletsTest -->
    </test> <!-- Default test -->
  </suite> <!-- Default suite -->
</testng-results>
