<?xml version="1.0" encoding="UTF-8"?>
<!-- Generated by org.testng.reporters.JUnitReportReporter -->
<testsuite hostname="LAPTOP-POCHI3TQ" failures="1" tests="9" name="com.tmobile.tests.Deals_SamsungTest" time="87.196" errors="0" timestamp="2023-12-02T18:04:57 IST" skipped="0">
  <testcase classname="com.tmobile.tests.Deals_SamsungTest" name="testDeals" time="4.265"/>
  <system-out/>
  <testcase classname="com.tmobile.tests.Deals_SamsungTest" name="testSamsungPage" time="0.045"/>
  <system-out/>
  <testcase classname="com.tmobile.tests.Deals_SamsungTest" name="testPhones" time="0.213"/>
  <system-out/>
  <testcase classname="com.tmobile.tests.Deals_SamsungTest" name="testSamsungGalaxy" time="1.322"/>
  <system-out/>
  <testcase classname="com.tmobile.tests.Deals_SamsungTest" name="testSamsungGalaxyPage" time="0.219">
    <failure message="expected [true] but found [false]" type="java.lang.AssertionError">
      <![CDATA[java.lang.AssertionError: expected [true] but found [false]
at org.testng.Assert.fail(Assert.java:110)
at org.testng.Assert.failNotEquals(Assert.java:1577)
at org.testng.Assert.assertTrue(Assert.java:56)
at org.testng.Assert.assertTrue(Assert.java:66)
at com.tmobile.tests.Deals_SamsungTest.testSamsungGalaxyPage(Deals_SamsungTest.java:84)
at java.base/jdk.internal.reflect.NativeMethodAccessorImpl.invoke0(Native Method)
at java.base/jdk.internal.reflect.NativeMethodAccessorImpl.invoke(NativeMethodAccessorImpl.java:77)
at java.base/jdk.internal.reflect.DelegatingMethodAccessorImpl.invoke(DelegatingMethodAccessorImpl.java:43)
at java.base/java.lang.reflect.Method.invoke(Method.java:568)
at org.testng.internal.invokers.MethodInvocationHelper.invokeMethod(MethodInvocationHelper.java:139)
at org.testng.internal.invokers.TestInvoker.invokeMethod(TestInvoker.java:677)
at org.testng.internal.invokers.TestInvoker.invokeTestMethod(TestInvoker.java:221)
at org.testng.internal.invokers.MethodRunner.runInSequence(MethodRunner.java:50)
at org.testng.internal.invokers.TestInvoker$MethodInvocationAgent.invoke(TestInvoker.java:969)
at org.testng.internal.invokers.TestInvoker.invokeTestMethods(TestInvoker.java:194)
at org.testng.internal.invokers.TestMethodWorker.invokeTestMethods(TestMethodWorker.java:148)
at org.testng.internal.invokers.TestMethodWorker.run(TestMethodWorker.java:128)
at java.base/java.util.ArrayList.forEach(ArrayList.java:1511)
at org.testng.TestRunner.privateRun(TestRunner.java:829)
at org.testng.TestRunner.run(TestRunner.java:602)
at org.testng.SuiteRunner.runTest(SuiteRunner.java:437)
at org.testng.SuiteRunner.runSequentially(SuiteRunner.java:431)
at org.testng.SuiteRunner.privateRun(SuiteRunner.java:391)
at org.testng.SuiteRunner.run(SuiteRunner.java:330)
at org.testng.SuiteRunnerWorker.runSuite(SuiteRunnerWorker.java:52)
at org.testng.SuiteRunnerWorker.run(SuiteRunnerWorker.java:95)
at org.testng.TestNG.runSuitesSequentially(TestNG.java:1256)
at org.testng.TestNG.runSuitesLocally(TestNG.java:1176)
at org.testng.TestNG.runSuites(TestNG.java:1099)
at org.testng.TestNG.run(TestNG.java:1067)
at org.testng.remote.AbstractRemoteTestNG.run(AbstractRemoteTestNG.java:115)
at org.testng.remote.RemoteTestNG.initAndRun(RemoteTestNG.java:251)
at org.testng.remote.RemoteTestNG.main(RemoteTestNG.java:77)
]]>
    </failure>
  </testcase> <!-- testSamsungGalaxyPage -->
  <system-out/>
  <testcase classname="com.tmobile.tests.Deals_SamsungTest" name="testSee2Deals" time="20.322"/>
  <system-out/>
  <testcase classname="com.tmobile.tests.Deals_SamsungTest" name="testLocation" time="20.282"/>
  <system-out/>
  <testcase classname="com.tmobile.tests.Deals_SamsungTest" name="testCity" time="20.269"/>
  <system-out/>
  <testcase classname="com.tmobile.tests.Deals_SamsungTest" name="testBroadwayStore" time="20.259"/>
  <system-out/>
</testsuite> <!-- com.tmobile.tests.Deals_SamsungTest -->
